<?xml version="1.0" encoding="UTF-8"?>
<!-- Generated by org.testng.reporters.JUnitReportReporter -->
<testsuite skipped="0" hostname="L089344" name="NewMaven.BaseClass" tests="1" failures="0" timestamp="04 Jan 2019 00:05:59 GMT" time="0.018" errors="0">
  <testcase name="setDriver" time="0.018" classname="NewMaven.BaseClass"/>
</testsuite> <!-- NewMaven.BaseClass -->
