<?xml version="1.0" encoding="UTF-8"?>
<!-- Generated by org.testng.reporters.JUnitReportReporter -->
<testsuite skipped="0" hostname="L089344" name="NewMaven.qcClickAcademy" tests="2" failures="0" timestamp="05 Jan 2019 00:45:05 GMT" time="33.255" errors="0">
  <testcase name="basePageNavigation" time="27.833" classname="NewMaven.qcClickAcademy"/>
  <testcase name="clickLogin" time="5.422" classname="NewMaven.qcClickAcademy"/>
</testsuite> <!-- NewMaven.qcClickAcademy -->
